[2024-05-01T07:56:10.530] [DEBUG] default - [POST] /user/login
[2024-05-01T08:25:17.861] [DEBUG] default - [GET] /assets/summer_8k.jpg
[2024-05-01T08:26:17.861] [DEBUG] default - [GET] /assets/summer_8k.jpg
[2024-05-01T08:49:10.698] [DEBUG] default - [GET] /info
[2024-05-01T08:49:10.857] [DEBUG] default - [GET] /info
[2024-05-01T08:49:11.073] [DEBUG] default - [GET] /info
[2024-05-01T08:49:11.290] [DEBUG] default - [GET] /info
[2024-05-01T08:49:11.504] [DEBUG] default - [GET] /info
[2024-05-01T08:49:11.688] [DEBUG] default - [GET] /info
[2024-05-01T08:49:11.920] [DEBUG] default - [GET] /info
[2024-05-01T08:49:12.101] [DEBUG] default - [GET] /info
[2024-05-01T08:49:12.335] [DEBUG] default - [GET] /info
[2024-05-01T08:49:12.544] [DEBUG] default - [GET] /info
[2024-05-01T08:49:12.738] [DEBUG] default - [GET] /info
[2024-05-01T08:49:12.925] [DEBUG] default - [GET] /info
[2024-05-01T08:49:13.161] [DEBUG] default - [GET] /info
[2024-05-01T08:49:13.353] [DEBUG] default - [GET] /info
[2024-05-01T08:49:13.553] [DEBUG] default - [GET] /info
[2024-05-01T08:49:13.784] [DEBUG] default - [GET] /info
[2024-05-01T08:49:14.004] [DEBUG] default - [GET] /info
[2024-05-01T08:49:14.179] [DEBUG] default - [GET] /info
[2024-05-01T08:49:14.390] [DEBUG] default - [GET] /info
[2024-05-01T08:49:14.588] [DEBUG] default - [GET] /info
[2024-05-01T08:49:14.794] [DEBUG] default - [GET] /info
[2024-05-01T08:49:15.003] [DEBUG] default - [GET] /info
[2024-05-01T08:49:15.201] [DEBUG] default - [GET] /info
[2024-05-01T08:49:15.441] [DEBUG] default - [GET] /info
[2024-05-01T08:49:15.638] [DEBUG] default - [GET] /info
[2024-05-01T08:49:15.823] [DEBUG] default - [GET] /info
[2024-05-01T08:49:16.029] [DEBUG] default - [GET] /info
[2024-05-01T08:49:16.261] [DEBUG] default - [GET] /info
[2024-05-01T08:49:16.454] [DEBUG] default - [GET] /info
[2024-05-01T08:49:16.666] [DEBUG] default - [GET] /info
[2024-05-01T08:49:16.887] [DEBUG] default - [GET] /info
[2024-05-01T08:49:17.075] [DEBUG] default - [GET] /info
[2024-05-01T08:49:17.306] [DEBUG] default - [GET] /info
[2024-05-01T08:49:17.511] [DEBUG] default - [GET] /info
[2024-05-01T08:49:17.688] [DEBUG] default - [GET] /info
[2024-05-01T08:49:17.893] [DEBUG] default - [GET] /info
[2024-05-01T08:49:18.093] [DEBUG] default - [GET] /info
[2024-05-01T08:49:18.297] [DEBUG] default - [GET] /info
[2024-05-01T08:49:18.502] [DEBUG] default - [GET] /info
[2024-05-01T08:49:18.711] [DEBUG] default - [GET] /info
[2024-05-01T08:49:18.913] [DEBUG] default - [GET] /info
[2024-05-01T08:49:19.121] [DEBUG] default - [GET] /info
[2024-05-01T08:49:19.347] [DEBUG] default - [GET] /info
[2024-05-01T08:49:19.523] [DEBUG] default - [GET] /info
[2024-05-01T08:49:19.731] [DEBUG] default - [GET] /info
[2024-05-01T08:49:19.936] [DEBUG] default - [GET] /info
[2024-05-01T08:49:20.145] [DEBUG] default - [GET] /info
[2024-05-01T08:49:20.407] [DEBUG] default - [GET] /info
[2024-05-01T08:49:20.678] [DEBUG] default - [GET] /info
[2024-05-01T08:49:20.857] [DEBUG] default - [GET] /info
[2024-05-01T08:49:21.058] [DEBUG] default - [GET] /info
[2024-05-01T08:49:21.291] [DEBUG] default - [GET] /info
[2024-05-01T08:49:21.472] [DEBUG] default - [GET] /info
[2024-05-01T08:49:21.679] [DEBUG] default - [GET] /info
[2024-05-01T08:49:21.908] [DEBUG] default - [GET] /info
[2024-05-01T08:49:22.097] [DEBUG] default - [GET] /info
[2024-05-01T08:49:22.304] [DEBUG] default - [GET] /info
[2024-05-01T08:49:22.760] [DEBUG] default - [GET] /info
[2024-05-01T08:49:22.937] [DEBUG] default - [GET] /info
[2024-05-01T08:49:23.139] [DEBUG] default - [GET] /info
[2024-05-01T08:49:23.347] [DEBUG] default - [GET] /info
[2024-05-01T08:49:23.547] [DEBUG] default - [GET] /info
[2024-05-01T08:49:23.773] [DEBUG] default - [GET] /info
[2024-05-01T08:49:23.959] [DEBUG] default - [GET] /info
[2024-05-01T08:49:24.166] [DEBUG] default - [GET] /info
[2024-05-01T08:49:24.376] [DEBUG] default - [GET] /info
[2024-05-01T08:49:24.579] [DEBUG] default - [GET] /info
[2024-05-01T08:49:24.809] [DEBUG] default - [GET] /info
[2024-05-01T08:49:25.010] [DEBUG] default - [GET] /info
[2024-05-01T08:49:25.195] [DEBUG] default - [GET] /info
[2024-05-01T08:49:25.419] [DEBUG] default - [GET] /info
[2024-05-01T08:49:25.603] [DEBUG] default - [GET] /info
[2024-05-01T08:49:25.808] [DEBUG] default - [GET] /info
[2024-05-01T08:49:26.009] [DEBUG] default - [GET] /info
[2024-05-01T08:49:26.240] [DEBUG] default - [GET] /info
[2024-05-01T08:49:26.423] [DEBUG] default - [GET] /info
[2024-05-01T08:49:26.627] [DEBUG] default - [GET] /info
[2024-05-01T08:49:26.833] [DEBUG] default - [GET] /info
[2024-05-01T08:49:27.044] [DEBUG] default - [GET] /info
[2024-05-01T08:49:27.276] [DEBUG] default - [GET] /info
[2024-05-01T08:49:27.456] [DEBUG] default - [GET] /info
[2024-05-01T08:49:27.667] [DEBUG] default - [GET] /info
[2024-05-01T08:49:27.869] [DEBUG] default - [GET] /info
[2024-05-01T08:49:28.073] [DEBUG] default - [GET] /info
[2024-05-01T08:49:28.274] [DEBUG] default - [GET] /info
[2024-05-01T08:49:28.481] [DEBUG] default - [GET] /info
[2024-05-01T08:49:28.709] [DEBUG] default - [GET] /info
[2024-05-01T08:49:28.889] [DEBUG] default - [GET] /info
[2024-05-01T08:49:29.115] [DEBUG] default - [GET] /info
[2024-05-01T08:49:29.321] [DEBUG] default - [GET] /info
[2024-05-01T08:49:29.501] [DEBUG] default - [GET] /info
[2024-05-01T08:49:29.705] [DEBUG] default - [GET] /info
[2024-05-01T08:49:29.911] [DEBUG] default - [GET] /info
[2024-05-01T08:49:30.115] [DEBUG] default - [GET] /info
[2024-05-01T08:49:30.321] [DEBUG] default - [GET] /info
[2024-05-01T08:49:30.539] [DEBUG] default - [GET] /info
[2024-05-01T08:49:30.749] [DEBUG] default - [GET] /info
[2024-05-01T08:49:30.955] [DEBUG] default - [GET] /info
[2024-05-01T08:49:31.158] [DEBUG] default - [GET] /info
[2024-05-01T08:49:31.370] [DEBUG] default - [GET] /info
[2024-05-01T08:49:31.592] [DEBUG] default - [GET] /info
[2024-05-01T08:49:31.780] [DEBUG] default - [GET] /info
[2024-05-01T08:49:32.012] [DEBUG] default - [GET] /info
[2024-05-01T08:49:32.215] [DEBUG] default - [GET] /info
[2024-05-01T08:49:32.415] [DEBUG] default - [GET] /info
[2024-05-01T08:49:32.598] [DEBUG] default - [GET] /info
[2024-05-01T08:49:32.803] [DEBUG] default - [GET] /info
[2024-05-01T08:49:33.010] [DEBUG] default - [GET] /info
[2024-05-01T08:49:33.219] [DEBUG] default - [GET] /info
[2024-05-01T08:49:33.472] [DEBUG] default - [GET] /info
[2024-05-01T08:49:33.763] [DEBUG] default - [GET] /info
[2024-05-01T08:49:33.941] [DEBUG] default - [GET] /info
[2024-05-01T08:49:34.146] [DEBUG] default - [GET] /info
[2024-05-01T08:49:34.346] [DEBUG] default - [GET] /info
[2024-05-01T08:49:34.554] [DEBUG] default - [GET] /info
[2024-05-01T08:49:34.757] [DEBUG] default - [GET] /info
[2024-05-01T08:49:34.982] [DEBUG] default - [GET] /info
[2024-05-01T08:49:35.166] [DEBUG] default - [GET] /info
[2024-05-01T08:49:35.396] [DEBUG] default - [GET] /info
[2024-05-01T08:49:35.576] [DEBUG] default - [GET] /info
[2024-05-01T08:49:35.782] [DEBUG] default - [GET] /info
[2024-05-01T08:49:36.013] [DEBUG] default - [GET] /info
[2024-05-01T08:49:36.216] [DEBUG] default - [GET] /info
[2024-05-01T08:49:36.397] [DEBUG] default - [GET] /info
[2024-05-01T08:49:36.629] [DEBUG] default - [GET] /info
[2024-05-01T08:49:36.810] [DEBUG] default - [GET] /info
[2024-05-01T08:49:37.046] [DEBUG] default - [GET] /info
[2024-05-01T08:49:37.222] [DEBUG] default - [GET] /info
[2024-05-01T08:49:37.460] [DEBUG] default - [GET] /info
[2024-05-01T08:51:09.099] [DEBUG] default - [GET] /info
[2024-05-01T08:51:09.264] [DEBUG] default - [GET] /info
[2024-05-01T08:51:09.482] [DEBUG] default - [GET] /info
[2024-05-01T08:51:09.684] [DEBUG] default - [GET] /info
[2024-05-01T08:51:09.891] [DEBUG] default - [GET] /info
[2024-05-01T08:51:10.092] [DEBUG] default - [GET] /info
[2024-05-01T08:51:10.301] [DEBUG] default - [GET] /info
[2024-05-01T08:51:10.498] [DEBUG] default - [GET] /info
[2024-05-01T08:51:10.731] [DEBUG] default - [GET] /info
[2024-05-01T08:51:10.936] [DEBUG] default - [GET] /info
[2024-05-01T08:51:11.187] [DEBUG] default - [GET] /info
[2024-05-01T08:51:11.446] [DEBUG] default - [GET] /info
[2024-05-01T08:51:11.647] [DEBUG] default - [GET] /info
[2024-05-01T08:51:11.844] [DEBUG] default - [GET] /info
[2024-05-01T08:51:12.064] [DEBUG] default - [GET] /info
[2024-05-01T08:51:12.248] [DEBUG] default - [GET] /info
[2024-05-01T08:51:12.449] [DEBUG] default - [GET] /info
[2024-05-01T08:51:12.653] [DEBUG] default - [GET] /info
[2024-05-01T08:51:12.861] [DEBUG] default - [GET] /info
[2024-05-01T08:51:13.067] [DEBUG] default - [GET] /info
[2024-05-01T08:51:13.278] [DEBUG] default - [GET] /info
[2024-05-01T08:51:13.506] [DEBUG] default - [GET] /info
[2024-05-01T08:51:13.694] [DEBUG] default - [GET] /info
[2024-05-01T08:51:13.902] [DEBUG] default - [GET] /info
[2024-05-01T08:51:14.156] [DEBUG] default - [GET] /info
[2024-05-01T08:51:57.049] [DEBUG] default - [GET] /info
[2024-05-01T08:51:57.244] [DEBUG] default - [GET] /info
[2024-05-01T08:51:57.448] [DEBUG] default - [GET] /info
[2024-05-01T08:51:57.652] [DEBUG] default - [GET] /info
[2024-05-01T08:51:57.856] [DEBUG] default - [GET] /info
[2024-05-01T08:51:58.058] [DEBUG] default - [GET] /info
[2024-05-01T08:51:58.269] [DEBUG] default - [GET] /info
[2024-05-01T08:51:58.477] [DEBUG] default - [GET] /info
[2024-05-01T08:51:58.681] [DEBUG] default - [GET] /info
[2024-05-01T08:55:49.888] [DEBUG] default - [GET] /info/list
[2024-05-01T08:55:50.065] [DEBUG] default - [GET] /info/list
[2024-05-01T08:55:50.299] [DEBUG] default - [GET] /info/list
[2024-05-01T08:55:50.480] [DEBUG] default - [GET] /info/list
[2024-05-01T08:55:50.686] [DEBUG] default - [GET] /info/list
[2024-05-01T08:55:50.891] [DEBUG] default - [GET] /info/list
[2024-05-01T08:55:51.099] [DEBUG] default - [GET] /info/list
[2024-05-01T08:55:51.308] [DEBUG] default - [GET] /info/list
[2024-05-01T08:55:51.540] [DEBUG] default - [GET] /info/list
[2024-05-01T08:55:51.720] [DEBUG] default - [GET] /info/list
[2024-05-01T08:55:51.926] [DEBUG] default - [GET] /info/list
[2024-05-01T08:55:52.132] [DEBUG] default - [GET] /info/list
[2024-05-01T08:55:52.342] [DEBUG] default - [GET] /info/list
[2024-05-01T08:55:52.550] [DEBUG] default - [GET] /info/list
[2024-05-01T08:55:52.760] [DEBUG] default - [GET] /info/list
[2024-05-01T08:55:52.970] [DEBUG] default - [GET] /info/list
[2024-05-01T08:55:53.170] [DEBUG] default - [GET] /info/list
[2024-05-01T08:55:53.374] [DEBUG] default - [GET] /info/list
[2024-05-01T08:55:53.583] [DEBUG] default - [GET] /info/list
[2024-05-01T08:55:53.809] [DEBUG] default - [GET] /info/list
[2024-05-01T08:55:53.985] [DEBUG] default - [GET] /info/list
[2024-05-01T08:55:54.189] [DEBUG] default - [GET] /info/list
[2024-05-01T08:55:54.396] [DEBUG] default - [GET] /info/list
[2024-05-01T08:55:54.611] [DEBUG] default - [GET] /info/list
[2024-05-01T08:55:54.816] [DEBUG] default - [GET] /info/list
[2024-05-01T08:55:55.040] [DEBUG] default - [GET] /info/list
[2024-05-01T08:55:55.239] [DEBUG] default - [GET] /info/list
[2024-05-01T08:55:55.419] [DEBUG] default - [GET] /info/list
[2024-05-01T08:55:55.623] [DEBUG] default - [GET] /info/list
[2024-05-01T08:55:55.833] [DEBUG] default - [GET] /info/list
[2024-05-01T08:55:56.041] [DEBUG] default - [GET] /info/list
[2024-05-01T08:55:56.274] [DEBUG] default - [GET] /info/list
[2024-05-01T08:55:56.476] [DEBUG] default - [GET] /info/list
[2024-05-01T08:55:56.658] [DEBUG] default - [GET] /info/list
[2024-05-01T08:55:56.864] [DEBUG] default - [GET] /info/list
[2024-05-01T08:55:57.073] [DEBUG] default - [GET] /info/list
[2024-05-01T08:55:57.303] [DEBUG] default - [GET] /info/list
[2024-05-01T08:55:57.492] [DEBUG] default - [GET] /info/list
[2024-05-01T08:55:57.691] [DEBUG] default - [GET] /info/list
[2024-05-01T08:55:57.898] [DEBUG] default - [GET] /info/list
[2024-05-01T08:55:58.104] [DEBUG] default - [GET] /info/list
[2024-05-01T08:55:58.309] [DEBUG] default - [GET] /info/list
[2024-05-01T08:55:58.536] [DEBUG] default - [GET] /info/list
[2024-05-01T08:55:58.743] [DEBUG] default - [GET] /info/list
[2024-05-01T08:55:58.945] [DEBUG] default - [GET] /info/list
[2024-05-01T08:55:59.125] [DEBUG] default - [GET] /info/list
[2024-05-01T08:55:59.334] [DEBUG] default - [GET] /info/list
[2024-05-01T08:55:59.529] [DEBUG] default - [GET] /info/list
[2024-05-01T08:55:59.743] [DEBUG] default - [GET] /info/list
[2024-05-01T08:55:59.943] [DEBUG] default - [GET] /info/list
[2024-05-01T08:56:00.178] [DEBUG] default - [GET] /info/list
[2024-05-01T08:56:00.361] [DEBUG] default - [GET] /info/list
[2024-05-01T08:56:00.567] [DEBUG] default - [GET] /info/list
[2024-05-01T08:56:00.767] [DEBUG] default - [GET] /info/list
[2024-05-01T08:56:00.977] [DEBUG] default - [GET] /info/list
[2024-05-01T08:56:01.209] [DEBUG] default - [GET] /info/list
[2024-05-01T08:56:01.411] [DEBUG] default - [GET] /info/list
[2024-05-01T08:56:01.596] [DEBUG] default - [GET] /info/list
[2024-05-01T08:56:01.800] [DEBUG] default - [GET] /info/list
[2024-05-01T08:56:02.009] [DEBUG] default - [GET] /info/list
[2024-05-01T08:56:02.238] [DEBUG] default - [GET] /info/list
[2024-05-01T08:56:02.454] [DEBUG] default - [GET] /info/list
[2024-05-01T08:56:02.634] [DEBUG] default - [GET] /info/list
[2024-05-01T08:56:02.840] [DEBUG] default - [GET] /info/list
[2024-05-01T08:56:03.049] [DEBUG] default - [GET] /info/list
[2024-05-01T08:56:03.272] [DEBUG] default - [GET] /info/list
[2024-05-01T08:56:03.457] [DEBUG] default - [GET] /info/list
[2024-05-01T08:56:03.679] [DEBUG] default - [GET] /info/list
[2024-05-01T08:56:03.867] [DEBUG] default - [GET] /info/list
[2024-05-01T08:56:04.065] [DEBUG] default - [GET] /info/list
[2024-05-01T08:56:04.270] [DEBUG] default - [GET] /info/list
[2024-05-01T08:56:04.476] [DEBUG] default - [GET] /info/list
[2024-05-01T08:56:04.677] [DEBUG] default - [GET] /info/list
[2024-05-01T08:56:04.906] [DEBUG] default - [GET] /info/list
[2024-05-01T08:56:05.111] [DEBUG] default - [GET] /info/list
[2024-05-01T08:56:05.290] [DEBUG] default - [GET] /info/list
[2024-05-01T08:56:05.516] [DEBUG] default - [GET] /info/list
[2024-05-01T08:56:05.700] [DEBUG] default - [GET] /info/list
[2024-05-01T08:56:05.904] [DEBUG] default - [GET] /info/list
[2024-05-01T08:56:06.106] [DEBUG] default - [GET] /info/list
[2024-05-01T08:56:06.314] [DEBUG] default - [GET] /info/list
[2024-05-01T08:56:06.515] [DEBUG] default - [GET] /info/list
[2024-05-01T08:56:06.718] [DEBUG] default - [GET] /info/list
[2024-05-01T08:56:06.949] [DEBUG] default - [GET] /info/list
[2024-05-01T08:56:07.136] [DEBUG] default - [GET] /info/list
[2024-05-01T08:56:07.336] [DEBUG] default - [GET] /info/list
[2024-05-01T08:56:07.543] [DEBUG] default - [GET] /info/list
[2024-05-01T08:56:07.747] [DEBUG] default - [GET] /info/list
[2024-05-01T08:56:07.980] [DEBUG] default - [GET] /info/list
[2024-05-01T08:56:08.185] [DEBUG] default - [GET] /info/list
[2024-05-01T08:56:08.370] [DEBUG] default - [GET] /info/list
[2024-05-01T08:56:08.577] [DEBUG] default - [GET] /info/list
[2024-05-01T08:56:08.781] [DEBUG] default - [GET] /info/list
[2024-05-01T08:56:08.987] [DEBUG] default - [GET] /info/list
[2024-05-01T08:56:09.212] [DEBUG] default - [GET] /info/list
[2024-05-01T08:56:09.425] [DEBUG] default - [GET] /info/list
[2024-05-01T08:56:09.608] [DEBUG] default - [GET] /info/list
[2024-05-01T08:56:09.813] [DEBUG] default - [GET] /info/list
[2024-05-01T08:56:10.019] [DEBUG] default - [GET] /info/list
[2024-05-01T08:56:10.217] [DEBUG] default - [GET] /info/list
[2024-05-01T08:56:10.447] [DEBUG] default - [GET] /info/list
[2024-05-01T08:56:41.475] [DEBUG] default - [GET] /info/list
[2024-05-01T08:56:41.676] [DEBUG] default - [GET] /info/list
[2024-05-01T08:56:41.887] [DEBUG] default - [GET] /info/list
[2024-05-01T08:56:42.089] [DEBUG] default - [GET] /info/list
[2024-05-01T08:56:42.323] [DEBUG] default - [GET] /info/list
[2024-05-01T08:56:42.528] [DEBUG] default - [GET] /info/list
[2024-05-01T08:56:42.713] [DEBUG] default - [GET] /info/list
[2024-05-01T08:56:42.917] [DEBUG] default - [GET] /info/list
[2024-05-01T08:56:43.121] [DEBUG] default - [GET] /info/list
[2024-05-01T08:56:43.323] [DEBUG] default - [GET] /info/list
[2024-05-01T08:57:47.549] [DEBUG] default - [GET] /info/list
[2024-05-01T08:57:47.729] [DEBUG] default - [GET] /info/list
[2024-05-01T08:57:47.958] [DEBUG] default - [GET] /info/list
[2024-05-01T08:57:48.140] [DEBUG] default - [GET] /info/list
[2024-05-01T08:57:48.365] [DEBUG] default - [GET] /info/list
[2024-05-01T08:57:48.546] [DEBUG] default - [GET] /info/list
[2024-05-01T08:57:48.743] [DEBUG] default - [GET] /info/list
[2024-05-01T08:57:48.949] [DEBUG] default - [GET] /info/list
[2024-05-01T08:57:49.158] [DEBUG] default - [GET] /info/list
[2024-05-01T08:57:49.357] [DEBUG] default - [GET] /info/list
[2024-05-01T08:57:49.561] [DEBUG] default - [GET] /info/list
[2024-05-01T08:57:49.765] [DEBUG] default - [GET] /info/list
[2024-05-01T08:57:49.977] [DEBUG] default - [GET] /info/list
[2024-05-01T08:57:50.182] [DEBUG] default - [GET] /info/list
[2024-05-01T08:57:50.387] [DEBUG] default - [GET] /info/list
[2024-05-01T08:57:50.592] [DEBUG] default - [GET] /info/list
[2024-05-01T08:57:50.797] [DEBUG] default - [GET] /info/list
[2024-05-01T08:57:51.033] [DEBUG] default - [GET] /info/list
[2024-05-01T08:57:51.210] [DEBUG] default - [GET] /info/list
[2024-05-01T08:57:51.425] [DEBUG] default - [GET] /info/list
[2024-05-01T08:57:51.618] [DEBUG] default - [GET] /info/list
[2024-05-01T08:57:51.830] [DEBUG] default - [GET] /info/list
[2024-05-01T08:57:52.032] [DEBUG] default - [GET] /info/list
[2024-05-01T08:57:52.265] [DEBUG] default - [GET] /info/list
[2024-05-01T08:57:52.451] [DEBUG] default - [GET] /info/list
[2024-05-01T08:57:52.651] [DEBUG] default - [GET] /info/list
[2024-05-01T08:57:52.859] [DEBUG] default - [GET] /info/list
[2024-05-01T08:57:53.061] [DEBUG] default - [GET] /info/list
[2024-05-01T08:57:53.273] [DEBUG] default - [GET] /info/list
[2024-05-01T08:57:53.496] [DEBUG] default - [GET] /info/list
[2024-05-01T08:57:53.683] [DEBUG] default - [GET] /info/list
[2024-05-01T08:57:53.880] [DEBUG] default - [GET] /info/list
[2024-05-01T08:57:54.089] [DEBUG] default - [GET] /info/list
[2024-05-01T08:57:54.293] [DEBUG] default - [GET] /info/list
[2024-05-01T08:57:54.493] [DEBUG] default - [GET] /info/list
[2024-05-01T08:57:54.734] [DEBUG] default - [GET] /info/list
[2024-05-01T08:57:54.913] [DEBUG] default - [GET] /info/list
[2024-05-01T08:57:55.124] [DEBUG] default - [GET] /info/list
[2024-05-01T08:57:55.325] [DEBUG] default - [GET] /info/list
[2024-05-01T08:57:55.534] [DEBUG] default - [GET] /info/list
[2024-05-01T08:57:55.763] [DEBUG] default - [GET] /info/list
[2024-05-01T08:57:55.968] [DEBUG] default - [GET] /info/list
[2024-05-01T08:57:56.153] [DEBUG] default - [GET] /info/list
[2024-05-01T08:57:56.356] [DEBUG] default - [GET] /info/list
[2024-05-01T08:57:56.564] [DEBUG] default - [GET] /info/list
[2024-05-01T08:57:56.797] [DEBUG] default - [GET] /info/list
[2024-05-01T08:57:56.996] [DEBUG] default - [GET] /info/list
[2024-05-01T08:57:57.201] [DEBUG] default - [GET] /info/list
[2024-05-01T08:57:57.382] [DEBUG] default - [GET] /info/list
[2024-05-01T08:57:57.590] [DEBUG] default - [GET] /info/list
[2024-05-01T08:57:57.793] [DEBUG] default - [GET] /info/list
[2024-05-01T08:57:57.996] [DEBUG] default - [GET] /info/list
[2024-05-01T08:57:58.221] [DEBUG] default - [GET] /info/list
[2024-05-01T08:57:58.403] [DEBUG] default - [GET] /info/list
[2024-05-01T08:57:58.609] [DEBUG] default - [GET] /info/list
[2024-05-01T08:57:58.835] [DEBUG] default - [GET] /info/list
[2024-05-01T08:57:59.039] [DEBUG] default - [GET] /info/list
[2024-05-01T08:57:59.221] [DEBUG] default - [GET] /info/list
[2024-05-01T08:57:59.421] [DEBUG] default - [GET] /info/list
[2024-05-01T08:57:59.629] [DEBUG] default - [GET] /info/list
[2024-05-01T08:57:59.839] [DEBUG] default - [GET] /info/list
[2024-05-01T08:58:00.073] [DEBUG] default - [GET] /info/list
[2024-05-01T08:58:00.276] [DEBUG] default - [GET] /info/list
[2024-05-01T08:58:00.461] [DEBUG] default - [GET] /info/list
[2024-05-01T08:58:00.667] [DEBUG] default - [GET] /info/list
[2024-05-01T08:58:00.897] [DEBUG] default - [GET] /info/list
[2024-05-01T08:58:01.082] [DEBUG] default - [GET] /info/list
[2024-05-01T08:58:01.303] [DEBUG] default - [GET] /info/list
[2024-05-01T08:58:01.491] [DEBUG] default - [GET] /info/list
[2024-05-01T08:58:01.693] [DEBUG] default - [GET] /info/list
[2024-05-01T08:58:01.894] [DEBUG] default - [GET] /info/list
[2024-05-01T08:58:02.097] [DEBUG] default - [GET] /info/list
[2024-05-01T08:58:02.299] [DEBUG] default - [GET] /info/list
[2024-05-01T08:58:02.503] [DEBUG] default - [GET] /info/list
[2024-05-01T08:58:02.710] [DEBUG] default - [GET] /info/list
[2024-05-01T08:58:02.912] [DEBUG] default - [GET] /info/list
[2024-05-01T08:58:49.534] [DEBUG] default - [GET] /info/list
[2024-05-01T08:58:49.725] [DEBUG] default - [GET] /info/list
[2024-05-01T08:58:49.961] [DEBUG] default - [GET] /info/list
[2024-05-01T08:58:50.142] [DEBUG] default - [GET] /info/list
[2024-05-01T08:58:50.351] [DEBUG] default - [GET] /info/list
[2024-05-01T08:58:50.559] [DEBUG] default - [GET] /info/list
[2024-05-01T08:58:50.767] [DEBUG] default - [GET] /info/list
[2024-05-01T08:58:50.988] [DEBUG] default - [GET] /info/list
[2024-05-01T08:58:51.196] [DEBUG] default - [GET] /info/list
[2024-05-01T08:58:51.377] [DEBUG] default - [GET] /info/list
[2024-05-01T08:58:51.581] [DEBUG] default - [GET] /info/list
[2024-05-01T08:58:51.788] [DEBUG] default - [GET] /info/list
[2024-05-01T08:58:51.991] [DEBUG] default - [GET] /info/list
[2024-05-01T08:58:52.228] [DEBUG] default - [GET] /info/list
[2024-05-01T08:58:52.429] [DEBUG] default - [GET] /info/list
[2024-05-01T08:58:52.614] [DEBUG] default - [GET] /info/list
[2024-05-01T08:58:52.814] [DEBUG] default - [GET] /info/list
[2024-05-01T08:58:53.018] [DEBUG] default - [GET] /info/list
[2024-05-01T08:58:53.218] [DEBUG] default - [GET] /info/list
[2024-05-01T08:58:53.422] [DEBUG] default - [GET] /info/list
[2024-05-01T08:58:53.621] [DEBUG] default - [GET] /info/list
[2024-05-01T08:58:53.826] [DEBUG] default - [GET] /info/list
[2024-05-01T08:58:54.033] [DEBUG] default - [GET] /info/list
[2024-05-01T08:58:54.258] [DEBUG] default - [GET] /info/list
[2024-05-01T08:58:54.448] [DEBUG] default - [GET] /info/list
[2024-05-01T08:58:54.646] [DEBUG] default - [GET] /info/list
[2024-05-01T08:58:54.855] [DEBUG] default - [GET] /info/list
[2024-05-01T08:58:55.060] [DEBUG] default - [GET] /info/list
[2024-05-01T08:58:55.297] [DEBUG] default - [GET] /info/list
[2024-05-01T08:58:55.479] [DEBUG] default - [GET] /info/list
[2024-05-01T08:58:55.685] [DEBUG] default - [GET] /info/list
[2024-05-01T08:58:55.891] [DEBUG] default - [GET] /info/list
[2024-05-01T08:58:56.094] [DEBUG] default - [GET] /info/list
[2024-05-01T08:58:56.305] [DEBUG] default - [GET] /info/list
[2024-05-01T08:58:56.501] [DEBUG] default - [GET] /info/list
[2024-05-01T08:58:56.735] [DEBUG] default - [GET] /info/list
[2024-05-01T08:58:56.910] [DEBUG] default - [GET] /info/list
[2024-05-01T08:58:57.124] [DEBUG] default - [GET] /info/list
[2024-05-01T08:59:15.835] [DEBUG] default - [GET] /info/list
[2024-05-01T08:59:16.019] [DEBUG] default - [GET] /info/list
[2024-05-01T08:59:16.225] [DEBUG] default - [GET] /info/list
[2024-05-01T08:59:16.432] [DEBUG] default - [GET] /info/list
[2024-05-01T08:59:16.668] [DEBUG] default - [GET] /info/list
[2024-05-01T08:59:16.867] [DEBUG] default - [GET] /info/list
[2024-05-01T08:59:17.053] [DEBUG] default - [GET] /info/list
[2024-05-01T08:59:17.250] [DEBUG] default - [GET] /info/list
[2024-05-01T08:59:17.460] [DEBUG] default - [GET] /info/list
[2024-05-01T08:59:17.664] [DEBUG] default - [GET] /info/list
[2024-05-01T08:59:17.867] [DEBUG] default - [GET] /info/list
[2024-05-01T08:59:18.070] [DEBUG] default - [GET] /info/list
[2024-05-01T08:59:18.273] [DEBUG] default - [GET] /info/list
[2024-05-01T08:59:18.480] [DEBUG] default - [GET] /info/list
[2024-05-01T08:59:18.680] [DEBUG] default - [GET] /info/list
[2024-05-01T08:59:18.889] [DEBUG] default - [GET] /info/list
[2024-05-01T08:59:19.092] [DEBUG] default - [GET] /info/list
[2024-05-01T08:59:19.325] [DEBUG] default - [GET] /info/list
[2024-05-01T08:59:19.505] [DEBUG] default - [GET] /info/list
[2024-05-01T08:59:19.732] [DEBUG] default - [GET] /info/list
[2024-05-01T08:59:19.911] [DEBUG] default - [GET] /info/list
[2024-05-01T08:59:20.114] [DEBUG] default - [GET] /info/list
[2024-05-01T08:59:20.316] [DEBUG] default - [GET] /info/list
[2024-05-01T08:59:20.517] [DEBUG] default - [GET] /info/list
[2024-05-01T08:59:47.658] [DEBUG] default - [GET] /info/list
[2024-05-01T08:59:47.836] [DEBUG] default - [GET] /info/list
[2024-05-01T08:59:48.040] [DEBUG] default - [GET] /info/list
[2024-05-01T08:59:48.252] [DEBUG] default - [GET] /info/list
[2024-05-01T08:59:48.483] [DEBUG] default - [GET] /info/list
[2024-05-01T08:59:48.683] [DEBUG] default - [GET] /info/list
[2024-05-01T08:59:48.874] [DEBUG] default - [GET] /info/list
[2024-05-01T08:59:49.077] [DEBUG] default - [GET] /info/list
[2024-05-01T08:59:49.282] [DEBUG] default - [GET] /info/list
[2024-05-01T08:59:49.483] [DEBUG] default - [GET] /info/list
[2024-05-01T08:59:49.720] [DEBUG] default - [GET] /info/list
[2024-05-01T08:59:49.901] [DEBUG] default - [GET] /info/list
[2024-05-01T08:59:50.106] [DEBUG] default - [GET] /info/list
[2024-05-01T08:59:50.302] [DEBUG] default - [GET] /info/list
[2024-05-01T08:59:50.513] [DEBUG] default - [GET] /info/list
[2024-05-01T08:59:50.718] [DEBUG] default - [GET] /info/list
[2024-05-01T08:59:50.945] [DEBUG] default - [GET] /info/list
[2024-05-01T08:59:51.158] [DEBUG] default - [GET] /info/list
[2024-05-01T08:59:51.338] [DEBUG] default - [GET] /info/list
[2024-05-01T08:59:51.538] [DEBUG] default - [GET] /info/list
[2024-05-01T08:59:51.741] [DEBUG] default - [GET] /info/list
[2024-05-01T08:59:51.951] [DEBUG] default - [GET] /info/list
[2024-05-01T08:59:52.154] [DEBUG] default - [GET] /info/list
[2024-05-01T08:59:52.357] [DEBUG] default - [GET] /info/list
[2024-05-01T08:59:52.574] [DEBUG] default - [GET] /info/list
[2024-05-01T08:59:52.772] [DEBUG] default - [GET] /info/list
[2024-05-01T08:59:52.984] [DEBUG] default - [GET] /info/list
[2024-05-01T08:59:53.184] [DEBUG] default - [GET] /info/list
[2024-05-01T08:59:53.418] [DEBUG] default - [GET] /info/list
[2024-05-01T08:59:53.620] [DEBUG] default - [GET] /info/list
[2024-05-01T08:59:53.810] [DEBUG] default - [GET] /info/list
[2024-05-01T08:59:54.010] [DEBUG] default - [GET] /info/list
[2024-05-01T08:59:54.219] [DEBUG] default - [GET] /info/list
[2024-05-01T08:59:54.430] [DEBUG] default - [GET] /info/list
[2024-05-01T08:59:54.635] [DEBUG] default - [GET] /info/list
[2024-05-01T08:59:54.841] [DEBUG] default - [GET] /info/list
[2024-05-01T08:59:55.047] [DEBUG] default - [GET] /info/list
[2024-05-01T08:59:55.252] [DEBUG] default - [GET] /info/list
[2024-05-01T08:59:55.481] [DEBUG] default - [GET] /info/list
[2024-05-01T08:59:55.662] [DEBUG] default - [GET] /info/list
[2024-05-01T08:59:55.890] [DEBUG] default - [GET] /info/list
[2024-05-01T08:59:56.073] [DEBUG] default - [GET] /info/list
[2024-05-01T08:59:56.279] [DEBUG] default - [GET] /info/list
[2024-05-01T08:59:56.480] [DEBUG] default - [GET] /info/list
[2024-05-01T08:59:56.688] [DEBUG] default - [GET] /info/list
[2024-05-01T08:59:56.913] [DEBUG] default - [GET] /info/list
[2024-05-01T08:59:57.119] [DEBUG] default - [GET] /info/list
[2024-05-01T08:59:57.321] [DEBUG] default - [GET] /info/list
[2024-05-01T08:59:57.507] [DEBUG] default - [GET] /info/list
[2024-05-01T08:59:57.710] [DEBUG] default - [GET] /info/list
[2024-05-01T08:59:57.914] [DEBUG] default - [GET] /info/list
[2024-05-01T08:59:58.121] [DEBUG] default - [GET] /info/list
[2024-05-01T08:59:58.350] [DEBUG] default - [GET] /info/list
[2024-05-01T08:59:58.535] [DEBUG] default - [GET] /info/list
[2024-05-01T08:59:58.742] [DEBUG] default - [GET] /info/list
[2024-05-01T08:59:58.954] [DEBUG] default - [GET] /info/list
[2024-05-01T08:59:59.152] [DEBUG] default - [GET] /info/list
[2024-05-01T08:59:59.362] [DEBUG] default - [GET] /info/list
[2024-05-01T08:59:59.588] [DEBUG] default - [GET] /info/list
[2024-05-01T08:59:59.776] [DEBUG] default - [GET] /info/list
[2024-05-01T08:59:59.980] [DEBUG] default - [GET] /info/list
[2024-05-01T09:00:00.183] [DEBUG] default - [GET] /info/list
[2024-05-01T09:00:00.387] [DEBUG] default - [GET] /info/list
[2024-05-01T09:00:00.584] [DEBUG] default - [GET] /info/list
[2024-05-01T09:00:00.814] [DEBUG] default - [GET] /info/list
[2024-05-01T09:00:01.022] [DEBUG] default - [GET] /info/list
[2024-05-01T09:00:01.205] [DEBUG] default - [GET] /info/list
[2024-05-01T09:00:01.429] [DEBUG] default - [GET] /info/list
[2024-05-01T09:00:01.613] [DEBUG] default - [GET] /info/list
[2024-05-01T09:00:01.821] [DEBUG] default - [GET] /info/list
[2024-05-01T09:00:02.022] [DEBUG] default - [GET] /info/list
[2024-05-01T09:00:02.259] [DEBUG] default - [GET] /info/list
[2024-05-01T09:00:02.441] [DEBUG] default - [GET] /info/list
[2024-05-01T09:00:02.644] [DEBUG] default - [GET] /info/list
[2024-05-01T09:00:02.849] [DEBUG] default - [GET] /info/list
[2024-05-01T09:00:03.052] [DEBUG] default - [GET] /info/list
[2024-05-01T09:00:03.255] [DEBUG] default - [GET] /info/list
[2024-05-01T09:00:03.487] [DEBUG] default - [GET] /info/list
[2024-05-01T09:00:03.666] [DEBUG] default - [GET] /info/list
[2024-05-01T09:00:03.893] [DEBUG] default - [GET] /info/list
[2024-05-01T09:00:04.075] [DEBUG] default - [GET] /info/list
[2024-05-01T09:00:04.281] [DEBUG] default - [GET] /info/list
[2024-05-01T09:00:04.482] [DEBUG] default - [GET] /info/list
[2024-05-01T09:00:04.691] [DEBUG] default - [GET] /info/list
[2024-05-01T09:00:04.894] [DEBUG] default - [GET] /info/list
[2024-05-01T09:00:05.123] [DEBUG] default - [GET] /info/list
[2024-05-01T09:00:05.328] [DEBUG] default - [GET] /info/list
[2024-05-01T09:00:05.514] [DEBUG] default - [GET] /info/list
[2024-05-01T09:00:05.752] [DEBUG] default - [GET] /info/list
[2024-05-01T09:00:05.957] [DEBUG] default - [GET] /info/list
[2024-05-01T09:00:06.143] [DEBUG] default - [GET] /info/list
[2024-05-01T09:00:06.345] [DEBUG] default - [GET] /info/list
[2024-05-01T09:00:06.547] [DEBUG] default - [GET] /info/list
[2024-05-01T09:00:06.752] [DEBUG] default - [GET] /info/list
[2024-05-01T09:00:06.953] [DEBUG] default - [GET] /info/list
[2024-05-01T09:00:07.156] [DEBUG] default - [GET] /info/list
[2024-05-01T09:00:07.367] [DEBUG] default - [GET] /info/list
[2024-05-01T09:00:07.591] [DEBUG] default - [GET] /info/list
[2024-05-01T09:00:07.800] [DEBUG] default - [GET] /info/list
[2024-05-01T09:00:07.986] [DEBUG] default - [GET] /info/list
[2024-05-01T09:00:08.186] [DEBUG] default - [GET] /info/list
[2024-05-01T09:00:08.418] [DEBUG] default - [GET] /info/list
[2024-05-01T09:00:08.617] [DEBUG] default - [GET] /info/list
[2024-05-01T09:00:08.824] [DEBUG] default - [GET] /info/list
[2024-05-01T09:00:09.021] [DEBUG] default - [GET] /info/list
[2024-05-01T09:00:09.213] [DEBUG] default - [GET] /info/list
[2024-05-01T09:00:09.418] [DEBUG] default - [GET] /info/list
[2024-05-01T09:00:09.623] [DEBUG] default - [GET] /info/list
[2024-05-01T09:00:09.832] [DEBUG] default - [GET] /info/list
[2024-05-01T09:00:10.059] [DEBUG] default - [GET] /info/list
[2024-05-01T09:00:10.237] [DEBUG] default - [GET] /info/list
[2024-05-01T09:00:10.444] [DEBUG] default - [GET] /info/list
[2024-05-01T09:00:10.674] [DEBUG] default - [GET] /info/list
[2024-05-01T09:00:10.854] [DEBUG] default - [GET] /info/list
[2024-05-01T09:00:11.057] [DEBUG] default - [GET] /info/list
[2024-05-01T09:00:11.288] [DEBUG] default - [GET] /info/list
[2024-05-01T09:00:11.487] [DEBUG] default - [GET] /info/list
[2024-05-01T09:00:11.668] [DEBUG] default - [GET] /info/list
[2024-05-01T09:00:11.890] [DEBUG] default - [GET] /info/list
[2024-05-01T09:00:12.101] [DEBUG] default - [GET] /info/list
[2024-05-01T09:00:12.275] [DEBUG] default - [GET] /info/list
[2024-05-01T09:00:12.507] [DEBUG] default - [GET] /info/list
[2024-05-01T09:00:12.685] [DEBUG] default - [GET] /info/list
[2024-05-01T09:00:12.893] [DEBUG] default - [GET] /info/list
[2024-05-01T09:00:13.101] [DEBUG] default - [GET] /info/list
[2024-05-01T09:00:13.328] [DEBUG] default - [GET] /info/list
[2024-05-01T09:00:13.514] [DEBUG] default - [GET] /info/list
[2024-05-01T09:00:13.721] [DEBUG] default - [GET] /info/list
[2024-05-01T09:00:13.928] [DEBUG] default - [GET] /info/list
[2024-05-01T09:00:14.127] [DEBUG] default - [GET] /info/list
[2024-05-01T09:00:14.346] [DEBUG] default - [GET] /info/list
[2024-05-01T09:00:14.459] [DEBUG] default - [GET] /info/list
[2024-05-01T09:00:14.664] [DEBUG] default - [GET] /info/list
[2024-05-01T09:00:14.847] [DEBUG] default - [GET] /info/list
[2024-05-01T09:00:15.072] [DEBUG] default - [GET] /info/list
[2024-05-01T09:00:15.277] [DEBUG] default - [GET] /info/list
[2024-05-01T09:00:15.453] [DEBUG] default - [GET] /info/list
[2024-05-01T09:00:15.663] [DEBUG] default - [GET] /info/list
[2024-05-01T09:00:15.889] [DEBUG] default - [GET] /info/list
[2024-05-01T09:00:16.071] [DEBUG] default - [GET] /info/list
[2024-05-01T09:00:16.294] [DEBUG] default - [GET] /info/list
[2024-05-01T09:00:16.471] [DEBUG] default - [GET] /info/list
[2024-05-01T09:00:16.683] [DEBUG] default - [GET] /info/list
[2024-05-01T09:00:16.907] [DEBUG] default - [GET] /info/list
[2024-05-01T09:00:17.092] [DEBUG] default - [GET] /info/list
[2024-05-01T09:00:17.296] [DEBUG] default - [GET] /info/list
[2024-05-01T09:00:17.523] [DEBUG] default - [GET] /info/list
[2024-05-01T09:00:17.731] [DEBUG] default - [GET] /info/list
[2024-05-01T09:00:17.911] [DEBUG] default - [GET] /info/list
[2024-05-01T09:00:18.118] [DEBUG] default - [GET] /info/list
[2024-05-01T09:00:18.344] [DEBUG] default - [GET] /info/list
[2024-05-01T09:00:18.531] [DEBUG] default - [GET] /info/list
[2024-05-01T09:00:18.748] [DEBUG] default - [GET] /info/list
[2024-05-01T09:00:18.936] [DEBUG] default - [GET] /info/list
[2024-05-01T09:00:19.140] [DEBUG] default - [GET] /info/list
[2024-05-01T09:00:19.375] [DEBUG] default - [GET] /info/list
[2024-05-01T09:00:19.661] [DEBUG] default - [GET] /info/list
[2024-05-01T09:00:19.860] [DEBUG] default - [GET] /info/list
[2024-05-01T09:01:12.968] [DEBUG] default - [GET] /info/list
[2024-05-01T09:01:13.150] [DEBUG] default - [GET] /info/list
[2024-05-01T09:01:13.379] [DEBUG] default - [GET] /info/list
[2024-05-01T09:01:13.561] [DEBUG] default - [GET] /info/list
[2024-05-01T09:01:13.786] [DEBUG] default - [GET] /info/list
[2024-05-01T09:01:13.971] [DEBUG] default - [GET] /info/list
[2024-05-01T09:01:14.170] [DEBUG] default - [GET] /info/list
[2024-05-01T09:01:14.380] [DEBUG] default - [GET] /info/list
[2024-05-01T09:01:14.592] [DEBUG] default - [GET] /info/list
[2024-05-01T09:01:14.798] [DEBUG] default - [GET] /info
[2024-05-01T09:01:15.002] [DEBUG] default - [GET] /info
[2024-05-01T09:01:15.211] [DEBUG] default - [GET] /info
[2024-05-01T09:01:15.405] [DEBUG] default - [GET] /info
[2024-05-01T09:01:15.616] [DEBUG] default - [GET] /info
[2024-05-01T09:01:15.824] [DEBUG] default - [GET] /info
[2024-05-01T09:01:30.877] [DEBUG] default - [GET] /info/list
[2024-05-01T09:01:31.055] [DEBUG] default - [GET] /info/list
[2024-05-01T09:01:31.267] [DEBUG] default - [GET] /info/list
[2024-05-01T09:01:31.472] [DEBUG] default - [GET] /info/list
[2024-05-01T09:01:31.700] [DEBUG] default - [GET] /info/list
[2024-05-01T09:01:31.880] [DEBUG] default - [GET] /info/list
[2024-05-01T09:01:32.083] [DEBUG] default - [GET] /info/list
[2024-05-01T09:01:32.302] [DEBUG] default - [GET] /info/list
[2024-05-01T09:01:32.500] [DEBUG] default - [GET] /info/list
[2024-05-01T09:01:32.694] [DEBUG] default - [GET] /info/list
[2024-05-01T09:01:32.903] [DEBUG] default - [GET] /info/list
[2024-05-01T09:02:22.323] [DEBUG] default - [GET] /info/list
[2024-05-01T09:02:22.577] [DEBUG] default - [GET] /info/list
[2024-05-01T09:02:22.774] [DEBUG] default - [GET] /info/list
[2024-05-01T09:02:22.981] [DEBUG] default - [GET] /info/list
[2024-05-01T09:02:23.186] [DEBUG] default - [GET] /info/list
[2024-05-01T09:02:23.419] [DEBUG] default - [GET] /info/list
[2024-05-01T09:02:23.599] [DEBUG] default - [GET] /info/list
[2024-05-01T09:02:23.810] [DEBUG] default - [GET] /info/list
[2024-05-01T09:02:24.008] [DEBUG] default - [GET] /info/list
[2024-05-01T09:02:24.214] [DEBUG] default - [GET] /info/list
[2024-05-01T09:02:24.419] [DEBUG] default - [GET] /info/list
[2024-05-01T09:02:24.654] [DEBUG] default - [GET] /info/list
[2024-05-01T09:02:24.833] [DEBUG] default - [GET] /info/list
[2024-05-01T09:02:25.057] [DEBUG] default - [GET] /info/list
[2024-05-01T09:02:25.240] [DEBUG] default - [GET] /info/list
[2024-05-01T09:02:25.447] [DEBUG] default - [GET] /info/list
[2024-05-01T09:02:25.659] [DEBUG] default - [GET] /info/list
[2024-05-01T09:02:25.883] [DEBUG] default - [GET] /info/list
[2024-05-01T09:02:26.070] [DEBUG] default - [GET] /info/list
[2024-05-01T09:02:26.270] [DEBUG] default - [GET] /info/list
[2024-05-01T09:02:26.476] [DEBUG] default - [GET] /info/list
[2024-05-01T09:02:26.680] [DEBUG] default - [GET] /info/list
[2024-05-01T09:02:26.889] [DEBUG] default - [GET] /info/list
[2024-05-01T09:02:27.125] [DEBUG] default - [GET] /info/list
[2024-05-01T09:02:27.309] [DEBUG] default - [GET] /info/list
[2024-05-01T09:02:27.514] [DEBUG] default - [GET] /info/list
[2024-05-01T09:02:27.715] [DEBUG] default - [GET] /info/list
[2024-05-01T09:02:27.922] [DEBUG] default - [GET] /info/list
[2024-05-01T09:02:28.130] [DEBUG] default - [GET] /info/list
[2024-05-01T09:02:28.339] [DEBUG] default - [GET] /info/list
[2024-05-01T09:02:28.545] [DEBUG] default - [GET] /info/list
[2024-05-01T09:02:28.744] [DEBUG] default - [GET] /info/list
[2024-05-01T09:02:28.947] [DEBUG] default - [GET] /info/list
[2024-05-01T09:02:29.152] [DEBUG] default - [GET] /info/list
[2024-05-01T09:02:29.385] [DEBUG] default - [GET] /info/list
[2024-05-01T09:02:29.559] [DEBUG] default - [GET] /info/list
[2024-05-01T09:02:29.766] [DEBUG] default - [GET] /info/list
[2024-05-01T09:02:29.992] [DEBUG] default - [GET] /info/list
[2024-05-01T09:02:30.175] [DEBUG] default - [GET] /info/list
[2024-05-01T09:02:30.375] [DEBUG] default - [GET] /info/list
[2024-05-01T09:02:30.579] [DEBUG] default - [GET] /info/list
[2024-05-01T09:02:30.790] [DEBUG] default - [GET] /info/list
[2024-05-01T09:02:30.995] [DEBUG] default - [GET] /info/list
[2024-05-01T09:02:31.213] [DEBUG] default - [GET] /info/list
[2024-05-01T09:02:31.415] [DEBUG] default - [GET] /info/list
[2024-05-01T09:02:31.618] [DEBUG] default - [GET] /info/list
[2024-05-01T09:02:31.820] [DEBUG] default - [GET] /info/list
[2024-05-01T09:02:32.025] [DEBUG] default - [GET] /info/list
[2024-05-01T09:02:32.252] [DEBUG] default - [GET] /info/list
[2024-05-01T09:02:32.428] [DEBUG] default - [GET] /info/list
[2024-05-01T09:02:32.659] [DEBUG] default - [GET] /info/list
[2024-05-01T09:02:32.839] [DEBUG] default - [GET] /info/list
[2024-05-01T09:02:33.045] [DEBUG] default - [GET] /info/list
[2024-05-01T09:02:33.269] [DEBUG] default - [GET] /info/list
[2024-05-01T09:02:33.446] [DEBUG] default - [GET] /info/list
[2024-05-01T09:02:33.653] [DEBUG] default - [GET] /info/list
[2024-05-01T09:02:33.856] [DEBUG] default - [GET] /info/list
[2024-05-01T09:02:34.059] [DEBUG] default - [GET] /info/list
[2024-05-01T09:02:34.293] [DEBUG] default - [GET] /info/list
[2024-05-01T09:02:34.498] [DEBUG] default - [GET] /info/list
[2024-05-01T09:02:34.704] [DEBUG] default - [GET] /info/list
[2024-05-01T09:03:06.713] [DEBUG] default - [GET] /info/list
[2024-05-01T09:03:06.871] [DEBUG] default - [GET] /info/list
[2024-05-01T09:03:07.081] [DEBUG] default - [GET] /info/list
[2024-05-01T09:03:07.284] [DEBUG] default - [GET] /info/list
[2024-05-01T09:03:07.511] [DEBUG] default - [GET] /info/list
[2024-05-01T09:03:07.689] [DEBUG] default - [GET] /info/list
[2024-05-01T09:03:07.891] [DEBUG] default - [GET] /info/list
[2024-05-01T09:03:08.094] [DEBUG] default - [GET] /info/list
[2024-05-01T09:03:08.300] [DEBUG] default - [GET] /info/list
[2024-05-01T09:03:08.510] [DEBUG] default - [GET] /info/list
[2024-05-01T09:03:08.709] [DEBUG] default - [GET] /info/list
[2024-05-01T09:03:08.917] [DEBUG] default - [GET] /info/list
[2024-05-01T09:03:09.120] [DEBUG] default - [GET] /info/list
[2024-05-01T09:03:09.346] [DEBUG] default - [GET] /info/list
[2024-05-01T09:03:09.526] [DEBUG] default - [GET] /info/list
[2024-05-01T09:03:09.729] [DEBUG] default - [GET] /info/list
[2024-05-01T09:03:09.936] [DEBUG] default - [GET] /info/list
[2024-05-01T09:03:10.138] [DEBUG] default - [GET] /info/list
[2024-05-01T09:03:10.347] [DEBUG] default - [GET] /info/list
[2024-05-01T09:03:10.573] [DEBUG] default - [GET] /info/list
[2024-05-01T09:03:10.761] [DEBUG] default - [GET] /info/list
[2024-05-01T09:03:10.959] [DEBUG] default - [GET] /info/list
[2024-05-01T09:03:11.167] [DEBUG] default - [GET] /info/list
[2024-05-01T09:03:11.371] [DEBUG] default - [GET] /info/list
[2024-05-01T09:03:11.579] [DEBUG] default - [GET] /info/list
[2024-05-01T09:03:11.812] [DEBUG] default - [GET] /info/list
[2024-05-01T09:03:17.184] [DEBUG] default - [GET] /info/list
[2024-05-01T09:03:17.371] [DEBUG] default - [GET] /info/list
[2024-05-01T09:03:17.584] [DEBUG] default - [GET] /info/list
[2024-05-01T09:03:17.784] [DEBUG] default - [GET] /info/list
[2024-05-01T09:03:18.000] [DEBUG] default - [GET] /info/list
[2024-05-01T09:03:18.202] [DEBUG] default - [GET] /info/list
[2024-05-01T09:03:18.409] [DEBUG] default - [GET] /info/list
[2024-05-01T09:03:18.614] [DEBUG] default - [GET] /info/list
[2024-05-01T09:03:18.815] [DEBUG] default - [GET] /info/list
[2024-05-01T09:03:19.024] [DEBUG] default - [GET] /info/list
[2024-05-01T09:03:19.251] [DEBUG] default - [GET] /info/list
[2024-05-01T09:03:19.453] [DEBUG] default - [GET] /info/list
[2024-05-01T09:03:19.641] [DEBUG] default - [GET] /info/list
[2024-05-01T09:04:14.225] [DEBUG] default - [GET] /info/list
[2024-05-01T09:04:14.421] [DEBUG] default - [GET] /info/list
[2024-05-01T09:04:14.629] [DEBUG] default - [GET] /info/list
[2024-05-01T09:04:14.827] [DEBUG] default - [GET] /info/list
[2024-05-01T09:04:15.031] [DEBUG] default - [GET] /info/list
[2024-05-01T09:04:15.241] [DEBUG] default - [GET] /info/list
[2024-05-01T09:04:15.450] [DEBUG] default - [GET] /info/list
[2024-05-01T09:04:15.681] [DEBUG] default - [GET] /info/list
[2024-05-01T09:04:15.855] [DEBUG] default - [GET] /info/list
[2024-05-01T09:04:16.067] [DEBUG] default - [GET] /info/list
[2024-05-01T09:04:16.274] [DEBUG] default - [GET] /info/list
[2024-05-01T09:04:16.476] [DEBUG] default - [GET] /info/list
[2024-05-01T09:04:16.686] [DEBUG] default - [GET] /info/list
[2024-05-01T09:04:16.893] [DEBUG] default - [GET] /info/list
[2024-05-01T09:04:17.113] [DEBUG] default - [GET] /info/list
[2024-05-01T09:04:17.305] [DEBUG] default - [GET] /info/list
[2024-05-01T09:04:17.508] [DEBUG] default - [GET] /info/list
[2024-05-01T09:04:17.738] [DEBUG] default - [GET] /info/list
[2024-05-01T09:04:17.916] [DEBUG] default - [GET] /info/list
[2024-05-01T09:04:18.143] [DEBUG] default - [GET] /info/list
[2024-05-01T09:04:18.325] [DEBUG] default - [GET] /info/list
[2024-05-01T09:06:16.401] [DEBUG] default - [GET] /info/list
[2024-05-01T09:06:16.588] [DEBUG] default - [GET] /info/list
[2024-05-01T09:06:16.799] [DEBUG] default - [GET] /info/list
[2024-05-01T09:06:17.033] [DEBUG] default - [GET] /info/list
[2024-05-01T09:06:17.208] [DEBUG] default - [GET] /info/list
[2024-05-01T09:06:17.421] [DEBUG] default - [GET] /info/list
[2024-05-01T09:06:17.628] [DEBUG] default - [GET] /info/list
[2024-05-01T09:06:17.836] [DEBUG] default - [GET] /info/list
[2024-05-01T09:06:18.043] [DEBUG] default - [GET] /info/list
[2024-05-01T09:06:18.274] [DEBUG] default - [GET] /info/list
[2024-05-01T09:06:18.450] [DEBUG] default - [GET] /info/list
[2024-05-01T09:06:18.661] [DEBUG] default - [GET] /info/list
[2024-05-01T09:06:18.863] [DEBUG] default - [GET] /info/list
[2024-05-01T09:06:19.067] [DEBUG] default - [GET] /info/list
[2024-05-01T09:06:19.268] [DEBUG] default - [GET] /info/list
